<?xml version="1.0" encoding="UTF-8"?>
<!-- Generated by org.testng.reporters.JUnitReportReporter -->
<testsuite hostname="WKWIN7143863" name="runnerFile.APITestRunnerTestNG" tests="2" failures="0" timestamp="20 Mar 2020 07:37:12 GMT" time="4.658" errors="0">
  <testcase name="runScenario" time="3.916" classname="runnerFile.APITestRunnerTestNG"/>
  <testcase name="runScenario" time="0.742" classname="runnerFile.APITestRunnerTestNG"/>
</testsuite> <!-- runnerFile.APITestRunnerTestNG -->
